<?xml version="1.0" encoding="UTF-8"?>
<!-- Generated by org.testng.reporters.JUnitXMLReporter -->
<testsuite ignored="0" hostname="pridePc-PC" failures="0" tests="3" name="Test" time="56.247" errors="0" timestamp="2024-08-31T11:32:18 IST">
  <testcase classname="advanceSelinium.AutosuggestionbigbasketTest" name="Autosuggestionbigbasket" time="0.018"/>
  <testcase classname="advanceSelinium.AcrollingusingJavaExecutorTest" name="AcrollingusingJavaExecutor" time="0.003"/>
  <testcase classname="advanceSelinium.AutosuggestionamazonTest" name="Autosuggestionamazon" time="56.138"/>
</testsuite> <!-- Test -->
