<?xml version="1.0" encoding="UTF-8"?>
<testng-results ignored="0" total="3" passed="3" failed="0" skipped="0">
  <reporter-output>
  </reporter-output>
  <suite started-at="2024-08-31T11:31:21 IST" name="Suite" finished-at="2024-08-31T11:32:18 IST" duration-ms="56247">
    <groups>
    </groups>
    <test started-at="2024-08-31T11:31:21 IST" name="Test" finished-at="2024-08-31T11:32:18 IST" duration-ms="56247">
      <class name="advanceSelinium.AutosuggestionbigbasketTest">
        <test-method signature="Autosuggestionbigbasket()[pri:0, instance:advanceSelinium.AutosuggestionbigbasketTest@4e9658b5]" started-at="2024-08-31T11:31:22 IST" name="Autosuggestionbigbasket" finished-at="2024-08-31T11:31:22 IST" duration-ms="18" status="PASS">
          <reporter-output>
          </reporter-output>
        </test-method> <!-- Autosuggestionbigbasket -->
      </class> <!-- advanceSelinium.AutosuggestionbigbasketTest -->
      <class name="advanceSelinium.AcrollingusingJavaExecutorTest">
        <test-method signature="AcrollingusingJavaExecutor()[pri:0, instance:advanceSelinium.AcrollingusingJavaExecutorTest@4a8b5227]" started-at="2024-08-31T11:31:22 IST" name="AcrollingusingJavaExecutor" finished-at="2024-08-31T11:31:22 IST" duration-ms="3" status="PASS">
          <reporter-output>
          </reporter-output>
        </test-method> <!-- AcrollingusingJavaExecutor -->
      </class> <!-- advanceSelinium.AcrollingusingJavaExecutorTest -->
      <class name="advanceSelinium.AutosuggestionamazonTest">
        <test-method signature="Autosuggestionamazon()[pri:0, instance:advanceSelinium.AutosuggestionamazonTest@54f5f647]" started-at="2024-08-31T11:31:22 IST" name="Autosuggestionamazon" finished-at="2024-08-31T11:32:18 IST" duration-ms="56138" status="PASS">
          <reporter-output>
          </reporter-output>
        </test-method> <!-- Autosuggestionamazon -->
      </class> <!-- advanceSelinium.AutosuggestionamazonTest -->
    </test> <!-- Test -->
  </suite> <!-- Suite -->
</testng-results>
